<?xml version="1.0" encoding="UTF-8"?>
<!-- Generated by org.testng.reporters.JUnitReportReporter -->
<testsuite hostname="Piyadasa-PC" failures="0" tests="2" name="com.ocr.testing.OCRTest" time="14.305" errors="0" timestamp="24 Jul 2019 10:34:23 GMT" skipped="0">
  <testcase classname="com.ocr.testing.OCRTest" name="test2" time="0.008"/>
  <testcase classname="com.ocr.testing.OCRTest" name="test1" time="14.297"/>
</testsuite> <!-- com.ocr.testing.OCRTest -->
