<?xml version="1.0" encoding="UTF-8"?>
<!-- Generated by org.testng.reporters.JUnitReportReporter -->
<testsuite hostname="Piyadasa-PC" failures="0" tests="1" name="com.ocr.testing.OCRTest" time="15.630" errors="0" timestamp="24 Jul 2019 08:01:44 GMT" skipped="0">
  <testcase classname="com.ocr.testing.OCRTest" name="test" time="15.630"/>
</testsuite> <!-- com.ocr.testing.OCRTest -->
